SF:lib/icloud_storage_method_channel.dart
DA:13,0
DA:19,0
DA:21,0
DA:25,1
DA:32,1
DA:35,2
DA:37,1
DA:40,1
DA:42,1
DA:43,1
DA:44,1
DA:45,0
DA:48,1
DA:51,3
DA:56,1
DA:59,1
DA:61,2
DA:63,1
DA:68,1
DA:78,1
DA:80,2
DA:82,1
DA:85,1
DA:86,1
DA:88,1
DA:91,3
DA:99,1
DA:109,1
DA:111,2
DA:113,1
DA:116,1
DA:117,1
DA:119,1
DA:122,3
DA:130,1
DA:135,3
DA:141,1
DA:147,3
DA:154,1
DA:160,3
DA:167,1
DA:172,3
DA:179,1
DA:184,1
DA:185,2
DA:193,4
DA:201,1
DA:205,1
DA:206,1
DA:207,1
DA:208,3
DA:212,0
DA:214,0
DA:218,0
DA:219,0
DA:221,1
DA:222,1
DA:224,0
DA:225,0
DA:230,0
DA:235,0
DA:237,0
DA:240,2
DA:241,1
DA:243,1
DA:245,1
DA:246,1
DA:250,2
DA:255,1
DA:258,1
DA:259,1
DA:261,3
DA:262,1
DA:263,1
DA:264,0
DA:266,0
DA:268,0
DA:269,0
DA:270,0
DA:278,2
DA:279,0
DA:280,0
DA:281,0
DA:285,0
DA:286,0
DA:287,0
DA:295,1
DA:296,0
DA:297,0
DA:298,0
DA:301,1
DA:305,1
DA:310,1
DA:316,2
DA:317,0
DA:318,5
DA:319,1
LF:97
LH:69
end_of_record
SF:lib/models/icloud_file.dart
DA:10,3
DA:11,3
DA:12,3
DA:13,6
DA:14,6
DA:15,6
DA:16,3
DA:18,6
DA:19,3
DA:20,3
DA:22,3
DA:23,0
DA:59,3
DA:60,3
DA:61,3
DA:62,2
DA:64,1
DA:68,1
DA:69,1
DA:70,1
DA:71,1
DA:72,1
DA:73,1
DA:74,1
DA:75,1
DA:76,1
DA:77,1
DA:78,1
DA:79,1
DA:83,3
DA:86,3
DA:88,2
DA:90,2
DA:93,0
DA:94,0
DA:100,3
DA:101,3
DA:102,2
DA:103,2
DA:107,3
DA:108,3
DA:109,9
LF:42
LH:39
end_of_record
SF:lib/models/transfer_progress.dart
DA:21,1
DA:22,1
DA:24,3
DA:31,1
DA:32,1
DA:35,3
DA:36,3
DA:52,3
DA:55,3
DA:58,3
LF:10
LH:10
end_of_record
SF:lib/icloud_storage.dart
DA:40,0
DA:41,0
DA:45,1
DA:49,2
DA:56,0
DA:59,0
DA:69,1
DA:75,2
DA:76,2
DA:79,1
DA:80,1
DA:81,1
DA:85,2
DA:97,1
DA:103,2
DA:104,2
DA:107,1
DA:108,1
DA:109,1
DA:113,2
DA:122,1
DA:126,1
DA:127,0
DA:130,2
DA:137,1
DA:142,1
DA:143,0
DA:144,0
DA:148,1
DA:149,0
DA:150,0
DA:154,2
DA:162,1
DA:167,1
DA:168,0
DA:171,1
DA:172,0
DA:175,1
DA:177,4
DA:179,1
DA:182,1
DA:187,0
DA:192,0
DA:193,0
DA:194,0
DA:198,0
DA:199,0
DA:200,0
DA:204,0
DA:212,1
DA:216,1
DA:217,0
DA:220,2
DA:227,1
DA:231,1
DA:232,0
DA:234,2
DA:239,1
DA:243,1
DA:247,1
DA:248,0
DA:251,2
DA:258,1
DA:259,1
DA:260,1
DA:262,4
DA:263,1
DA:266,1
DA:270,2
DA:271,2
DA:272,2
LF:71
LH:49
end_of_record
SF:lib/icloud_storage_platform_interface.dart
DA:12,6
DA:14,6
DA:16,3
DA:21,2
DA:26,1
DA:27,2
DA:34,0
DA:35,0
DA:48,0
DA:52,0
DA:58,0
DA:61,0
DA:78,0
DA:84,0
DA:101,0
DA:107,0
DA:120,0
DA:124,0
DA:138,0
DA:143,0
DA:159,0
DA:164,0
DA:174,0
DA:178,0
DA:189,0
DA:193,0
LF:26
LH:6
end_of_record
SF:lib/models/exceptions.dart
DA:5,2
DA:9,0
DA:10,0
LF:3
LH:1
end_of_record
SF:lib/models/gather_result.dart
DA:6,2
DA:21,0
LF:2
LH:1
end_of_record
