SF:lib/models/icloud_file.dart
DA:6,1
DA:7,1
DA:8,1
DA:9,2
DA:10,2
DA:11,2
DA:12,1
DA:14,2
DA:15,1
DA:16,1
DA:18,1
DA:54,1
DA:55,1
DA:56,1
DA:57,1
DA:58,1
DA:59,1
DA:60,1
DA:61,1
DA:62,1
DA:63,1
DA:64,1
DA:65,1
DA:69,1
DA:72,1
DA:74,1
DA:76,1
DA:83,1
DA:84,1
DA:85,1
DA:86,1
DA:90,1
DA:91,1
DA:92,3
LF:34
LH:34
end_of_record
SF:lib/icloud_storage.dart
DA:55,0
DA:56,0
DA:74,0
DA:78,0
DA:111,0
DA:114,0
DA:141,0
DA:147,0
DA:148,0
DA:151,0
DA:153,0
DA:154,0
DA:155,0
DA:159,0
DA:199,0
DA:204,0
DA:205,0
DA:208,0
DA:259,0
DA:264,0
DA:265,0
DA:268,0
DA:285,0
DA:289,0
DA:290,0
DA:293,0
DA:310,0
DA:315,0
DA:316,0
DA:317,0
DA:321,0
DA:322,0
DA:323,0
DA:327,0
DA:346,0
DA:351,0
DA:352,0
DA:355,0
DA:356,0
DA:359,0
DA:363,0
DA:369,0
DA:370,0
DA:371,0
DA:373,0
DA:379,0
DA:380,0
DA:381,0
DA:397,0
DA:403,0
DA:405,0
DA:408,0
DA:427,0
DA:435,0
DA:454,0
DA:459,0
DA:461,0
DA:476,0
DA:480,0
DA:481,0
DA:483,0
DA:501,0
DA:506,0
DA:507,0
DA:508,0
DA:512,0
DA:513,0
DA:514,0
DA:518,0
DA:536,0
DA:540,0
DA:541,0
DA:543,0
DA:548,0
DA:589,0
DA:593,0
DA:594,0
DA:597,0
DA:628,0
DA:633,0
DA:634,0
DA:637,0
DA:654,0
DA:658,0
DA:659,0
DA:662,0
DA:684,0
DA:688,0
DA:689,0
DA:692,0
DA:719,0
DA:723,0
DA:731,0
DA:732,0
DA:734,0
DA:760,0
DA:765,0
DA:766,0
DA:768,0
DA:805,0
DA:811,0
DA:815,0
DA:818,0
DA:821,0
LF:104
LH:0
end_of_record
SF:lib/icloud_storage_platform_interface.dart
DA:13,0
DA:15,0
DA:17,0
DA:22,0
DA:27,0
DA:28,0
DA:35,0
DA:36,0
DA:48,0
DA:52,0
DA:58,0
DA:61,0
DA:79,0
DA:85,0
DA:101,0
DA:106,0
DA:119,0
DA:123,0
DA:137,0
DA:142,0
DA:158,0
DA:163,0
DA:178,0
DA:183,0
DA:195,0
DA:199,0
DA:213,0
DA:218,0
DA:228,0
DA:232,0
DA:243,0
DA:247,0
LF:32
LH:0
end_of_record
SF:lib/models/exceptions.dart
DA:5,0
DA:9,0
DA:10,0
LF:3
LH:0
end_of_record
SF:lib/icloud_storage_method_channel.dart
DA:13,0
DA:15,0
DA:19,0
DA:26,0
DA:29,0
DA:31,0
DA:34,0
DA:36,0
DA:37,0
DA:38,0
DA:39,0
DA:40,0
DA:43,0
DA:47,0
DA:52,0
DA:55,0
DA:57,0
DA:59,0
DA:64,0
DA:74,0
DA:76,0
DA:78,0
DA:81,0
DA:83,0
DA:84,0
DA:85,0
DA:87,0
DA:90,0
DA:98,0
DA:107,0
DA:109,0
DA:111,0
DA:114,0
DA:116,0
DA:117,0
DA:118,0
DA:120,0
DA:123,0
DA:131,0
DA:136,0
DA:142,0
DA:148,0
DA:155,0
DA:161,0
DA:168,0
DA:178,0
DA:180,0
DA:182,0
DA:185,0
DA:187,0
DA:188,0
DA:189,0
DA:191,0
DA:195,0
DA:204,0
DA:210,0
DA:217,0
DA:223,0
DA:230,0
DA:235,0
DA:242,0
DA:247,0
DA:248,0
DA:256,0
DA:261,0
DA:264,0
DA:266,0
DA:267,0
DA:274,0
DA:279,0
DA:285,0
DA:286,0
DA:287,0
DA:288,0
LF:74
LH:0
end_of_record
